# JRE version: Java(TM) SE Runtime Environment (8.0_241-b07) (build 1.8.0_241-b07)
# Java VM: Java HotSpot(TM) 64-Bit Server VM (25.241-b07 mixed mode windows-amd64 compressed oops)
Heap:
 PSYoungGen      total 368128K, used 323555K [0x00000000d5580000, 0x00000000f4480000, 0x0000000100000000)
  eden space 311808K, 100% used [0x00000000d5580000,0x00000000e8600000,0x00000000e8600000)
  from space 56320K, 20% used [0x00000000edc00000,0x00000000ee778c38,0x00000000f1300000)
  to   space 88064K, 82% used [0x00000000e8600000,0x00000000ecd20c00,0x00000000edc00000)
 ParOldGen       total 414208K, used 275476K [0x0000000080000000, 0x0000000099480000, 0x00000000d5580000)
  object space 414208K, 66% used [0x0000000080000000,0x0000000090d05108,0x0000000099480000)
 Metaspace       used 20142K, capacity 20584K, committed 20736K, reserved 1067008K
  class space    used 2311K, capacity 2442K, committed 2560K, reserved 1048576K
GC Heap History (10 events):
Event: 14.795 GC heap before
{Heap before GC invocations=10 (full 1):
 PSYoungGen      total 157184K, used 133120K [0x00000000d5580000, 0x00000000e8a80000, 0x0000000100000000)
  eden space 133120K, 100% used [0x00000000d5580000,0x00000000dd780000,0x00000000dd780000)
  from space 24064K, 0% used [0x00000000dd780000,0x00000000dd780000,0x00000000def00000)
  to   space 25088K, 0% used [0x00000000e7200000,0x00000000e7200000,0x00000000e8a80000)
 ParOldGen       total 159232K, used 96267K [0x0000000080000000, 0x0000000089b80000, 0x00000000d5580000)
  object space 159232K, 60% used [0x0000000080000000,0x0000000085e02e98,0x0000000089b80000)
 Metaspace       used 18663K, capacity 19062K, committed 19328K, reserved 1067008K
  class space    used 2208K, capacity 2343K, committed 2432K, reserved 1048576K
Event: 14.860 GC heap after
Heap after GC invocations=10 (full 1):
 PSYoungGen      total 238592K, used 25066K [0x00000000d5580000, 0x00000000e8a80000, 0x0000000100000000)
  eden space 213504K, 0% used [0x00000000d5580000,0x00000000d5580000,0x00000000e2600000)
  from space 25088K, 99% used [0x00000000e7200000,0x00000000e8a7abc8,0x00000000e8a80000)
  to   space 38400K, 0% used [0x00000000e3f80000,0x00000000e3f80000,0x00000000e6500000)
 ParOldGen       total 159232K, used 117683K [0x0000000080000000, 0x0000000089b80000, 0x00000000d5580000)
  object space 159232K, 73% used [0x0000000080000000,0x00000000872ecef8,0x0000000089b80000)
 Metaspace       used 18663K, capacity 19062K, committed 19328K, reserved 1067008K
  class space    used 2208K, capacity 2343K, committed 2432K, reserved 1048576K
}
Event: 15.478 GC heap before
{Heap before GC invocations=11 (full 1):
 PSYoungGen      total 238592K, used 238570K [0x00000000d5580000, 0x00000000e8a80000, 0x0000000100000000)
  eden space 213504K, 100% used [0x00000000d5580000,0x00000000e2600000,0x00000000e2600000)
  from space 25088K, 99% used [0x00000000e7200000,0x00000000e8a7abc8,0x00000000e8a80000)
  to   space 38400K, 0% used [0x00000000e3f80000,0x00000000e3f80000,0x00000000e6500000)
 ParOldGen       total 159232K, used 117683K [0x0000000080000000, 0x0000000089b80000, 0x00000000d5580000)
  object space 159232K, 73% used [0x0000000080000000,0x00000000872ecef8,0x0000000089b80000)
 Metaspace       used 18696K, capacity 19062K, committed 19328K, reserved 1067008K
  class space    used 2208K, capacity 2343K, committed 2432K, reserved 1048576K
Event: 15.550 GC heap after
Heap after GC invocations=11 (full 1):
 PSYoungGen      total 278016K, used 38391K [0x00000000d5580000, 0x00000000f1300000, 0x0000000100000000)
  eden space 239616K, 0% used [0x00000000d5580000,0x00000000d5580000,0x00000000e3f80000)
  from space 38400K, 99% used [0x00000000e3f80000,0x00000000e64fdfd0,0x00000000e6500000)
  to   space 56320K, 0% used [0x00000000edc00000,0x00000000edc00000,0x00000000f1300000)
 ParOldGen       total 159232K, used 147499K [0x0000000080000000, 0x0000000089b80000, 0x00000000d5580000)
  object space 159232K, 92% used [0x0000000080000000,0x000000008900ac88,0x0000000089b80000)
 Metaspace       used 18696K, capacity 19062K, committed 19328K, reserved 1067008K
  class space    used 2208K, capacity 2343K, committed 2432K, reserved 1048576K
}
Event: 15.550 GC heap before
{Heap before GC invocations=12 (full 2):
 PSYoungGen      total 278016K, used 38391K [0x00000000d5580000, 0x00000000f1300000, 0x0000000100000000)
  eden space 239616K, 0% used [0x00000000d5580000,0x00000000d5580000,0x00000000e3f80000)
  from space 38400K, 99% used [0x00000000e3f80000,0x00000000e64fdfd0,0x00000000e6500000)
  to   space 56320K, 0% used [0x00000000edc00000,0x00000000edc00000,0x00000000f1300000)
 ParOldGen       total 159232K, used 147499K [0x0000000080000000, 0x0000000089b80000, 0x00000000d5580000)
  object space 159232K, 92% used [0x0000000080000000,0x000000008900ac88,0x0000000089b80000)
 Metaspace       used 18696K, capacity 19062K, committed 19328K, reserved 1067008K
  class space    used 2208K, capacity 2343K, committed 2432K, reserved 1048576K
Event: 16.581 GC heap after
Heap after GC invocations=12 (full 2):
 PSYoungGen      total 278016K, used 24979K [0x00000000d5580000, 0x00000000f1300000, 0x0000000100000000)
  eden space 239616K, 0% used [0x00000000d5580000,0x00000000d5580000,0x00000000e3f80000)
  from space 38400K, 65% used [0x00000000e3f80000,0x00000000e57e4e70,0x00000000e6500000)
  to   space 56320K, 0% used [0x00000000edc00000,0x00000000edc00000,0x00000000f1300000)
 ParOldGen       total 263680K, used 158950K [0x0000000080000000, 0x0000000090180000, 0x00000000d5580000)
  object space 263680K, 60% used [0x0000000080000000,0x0000000089b39978,0x0000000090180000)
 Metaspace       used 18696K, capacity 19062K, committed 19328K, reserved 1067008K
  class space    used 2208K, capacity 2343K, committed 2432K, reserved 1048576K
}
Event: 24.342 GC heap before
{Heap before GC invocations=13 (full 2):
 PSYoungGen      total 278016K, used 264595K [0x00000000d5580000, 0x00000000f1300000, 0x0000000100000000)
  eden space 239616K, 100% used [0x00000000d5580000,0x00000000e3f80000,0x00000000e3f80000)
  from space 38400K, 65% used [0x00000000e3f80000,0x00000000e57e4e70,0x00000000e6500000)
  to   space 56320K, 0% used [0x00000000edc00000,0x00000000edc00000,0x00000000f1300000)
 ParOldGen       total 263680K, used 158950K [0x0000000080000000, 0x0000000090180000, 0x00000000d5580000)
  object space 263680K, 60% used [0x0000000080000000,0x0000000089b39978,0x0000000090180000)
 Metaspace       used 20101K, capacity 20502K, committed 20736K, reserved 1067008K
  class space    used 2308K, capacity 2439K, committed 2560K, reserved 1048576K
Event: 26.324 GC heap after
Heap after GC invocations=13 (full 2):
 PSYoungGen      total 368128K, used 56306K [0x00000000d5580000, 0x00000000f4480000, 0x0000000100000000)
  eden space 311808K, 0% used [0x00000000d5580000,0x00000000d5580000,0x00000000e8600000)
  from space 56320K, 99% used [0x00000000edc00000,0x00000000f12fcbb0,0x00000000f1300000)
  to   space 88064K, 0% used [0x00000000e8600000,0x00000000e8600000,0x00000000edc00000)
 ParOldGen       total 263680K, used 219514K [0x0000000080000000, 0x0000000090180000, 0x00000000d5580000)
  object space 263680K, 83% used [0x0000000080000000,0x000000008d65eb70,0x0000000090180000)
 Metaspace       used 20101K, capacity 20502K, committed 20736K, reserved 1067008K
  class space    used 2308K, capacity 2439K, committed 2560K, reserved 1048576K
}
Event: 26.515 GC heap before
{Heap before GC invocations=14 (full 3):
 PSYoungGen      total 368128K, used 56306K [0x00000000d5580000, 0x00000000f4480000, 0x0000000100000000)
  eden space 311808K, 0% used [0x00000000d5580000,0x00000000d5580000,0x00000000e8600000)
  from space 56320K, 99% used [0x00000000edc00000,0x00000000f12fcbb0,0x00000000f1300000)
  to   space 88064K, 0% used [0x00000000e8600000,0x00000000e8600000,0x00000000edc00000)
 ParOldGen       total 263680K, used 219514K [0x0000000080000000, 0x0000000090180000, 0x00000000d5580000)
  object space 263680K, 83% used [0x0000000080000000,0x000000008d65eb70,0x0000000090180000)
 Metaspace       used 20101K, capacity 20502K, committed 20736K, reserved 1067008K
  class space    used 2308K, capacity 2439K, committed 2560K, reserved 1048576K
Event: 29.625 GC heap after
Heap after GC invocations=14 (full 3):
 PSYoungGen      total 368128K, used 11747K [0x00000000d5580000, 0x00000000f4480000, 0x0000000100000000)
  eden space 311808K, 0% used [0x00000000d5580000,0x00000000d5580000,0x00000000e8600000)
  from space 56320K, 20% used [0x00000000edc00000,0x00000000ee778c38,0x00000000f1300000)
  to   space 88064K, 0% used [0x00000000e8600000,0x00000000e8600000,0x00000000edc00000)
 ParOldGen       total 414208K, used 263588K [0x0000000080000000, 0x0000000099480000, 0x00000000d5580000)
  object space 414208K, 63% used [0x0000000080000000,0x00000000901690b8,0x0000000099480000)
 Metaspace       used 20101K, capacity 20502K, committed 20736K, reserved 1067008K
  class space    used 2308K, capacity 2439K, committed 2560K, reserved 1048576K
}

